<?xml version="1.0" encoding="UTF-8"?>
<!-- Generated by org.testng.reporters.JUnitReportReporter -->
<testsuite hostname="DESKTOP-Q7DQ7NJ" failures="0" tests="1" name="testcases.Testcase1" time="0.193" errors="0" timestamp="19 Aug 2021 11:01:23 GMT" skipped="0">
  <testcase classname="testcases.Testcase1" name="test" time="0.193"/>
</testsuite> <!-- testcases.Testcase1 -->
