<?xml version="1.0" encoding="UTF-8"?>
<!-- Generated by org.testng.reporters.JUnitReportReporter -->
<testsuite hostname="DESKTOP-Q7DQ7NJ" failures="0" tests="3" name="NewTest" time="0.016" errors="0" timestamp="23 Jul 2021 11:15:17 GMT" skipped="0">
  <testcase classname="NewTest" name="f" time="0.004"/>
  <testcase classname="NewTest" name="f" time="0.002"/>
  <testcase classname="NewTest" name="f" time="0.010"/>
</testsuite> <!-- NewTest -->
