<?xml version="1.0" encoding="UTF-8"?>
<!-- Generated by org.testng.reporters.JUnitReportReporter -->
<testsuite hostname="DESKTOP-Q7DQ7NJ" failures="0" tests="1" name="com.NewTest2" time="0.013" errors="0" timestamp="23 Jul 2021 17:35:06 GMT" skipped="0">
  <testcase classname="com.NewTest2" name="test" time="0.013"/>
</testsuite> <!-- com.NewTest2 -->
