<?xml version="1.0" encoding="UTF-8"?>
<!-- Generated by org.testng.reporters.JUnitReportReporter -->
<testsuite hostname="DESKTOP-Q7DQ7NJ" failures="0" tests="3" name="com.NewTest" time="0.029" errors="0" timestamp="23 Jul 2021 17:35:06 GMT" skipped="0">
  <testcase classname="com.NewTest" name="f" time="0.011"/>
  <testcase classname="com.NewTest" name="f" time="0.007"/>
  <testcase classname="com.NewTest" name="f" time="0.011"/>
</testsuite> <!-- com.NewTest -->
